2018-12-06 16:42:31 INFO  [main][qa.org.qcri.tweetsretrievaltool.TweetsRetrievalTool][main] - .................
2018-12-06 16:42:31 INFO  [main][qa.org.qcri.tweetsretrievaltool.TweetsRetrievalTool][main] - tweet_ids.txt
2018-12-06 16:42:31 INFO  [main][qa.org.qcri.tweetsretrievaltool.TweetsRetrievalTool][main] - tweet2.json
2018-12-06 16:42:31 INFO  [main][qa.org.qcri.tweetsretrievaltool.TweetsRetrievalTool][main] - twitter.properties
2018-12-06 16:42:31 INFO  [main][qa.org.qcri.tweetsretrievaltool.TweetsRetrievalTool][main] - .................
2018-12-06 16:43:51 INFO  [main][qa.org.qcri.tweetsretrievaltool.TweetsRetrievalTool][main] - .................
2018-12-06 16:43:51 INFO  [main][qa.org.qcri.tweetsretrievaltool.TweetsRetrievalTool][main] - tweet_ids.txt
2018-12-06 16:43:51 INFO  [main][qa.org.qcri.tweetsretrievaltool.TweetsRetrievalTool][main] - tweet2.json
2018-12-06 16:43:51 INFO  [main][qa.org.qcri.tweetsretrievaltool.TweetsRetrievalTool][main] - twitter.properties
2018-12-06 16:43:51 INFO  [main][qa.org.qcri.tweetsretrievaltool.TweetsRetrievalTool][main] - .................
2018-12-06 16:44:29 INFO  [main][qa.org.qcri.tweetsretrievaltool.TweetsRetrievalTool][main] - .................
2018-12-06 16:44:29 INFO  [main][qa.org.qcri.tweetsretrievaltool.TweetsRetrievalTool][main] - tweet_ids.txt
2018-12-06 16:44:29 INFO  [main][qa.org.qcri.tweetsretrievaltool.TweetsRetrievalTool][main] - tweet2.json
2018-12-06 16:44:29 INFO  [main][qa.org.qcri.tweetsretrievaltool.TweetsRetrievalTool][main] - twitter.properties
2018-12-06 16:44:29 INFO  [main][qa.org.qcri.tweetsretrievaltool.TweetsRetrievalTool][main] - .................
2018-12-06 16:44:38 INFO  [main][qa.org.qcri.tweetsretrievaltool.TweetsRetrievalTool][main] - .................
2018-12-06 16:44:38 INFO  [main][qa.org.qcri.tweetsretrievaltool.TweetsRetrievalTool][main] - tweet_ids.txt
2018-12-06 16:44:38 INFO  [main][qa.org.qcri.tweetsretrievaltool.TweetsRetrievalTool][main] - tweet2.json
2018-12-06 16:44:38 INFO  [main][qa.org.qcri.tweetsretrievaltool.TweetsRetrievalTool][main] - twitter.properties
2018-12-06 16:44:38 INFO  [main][qa.org.qcri.tweetsretrievaltool.TweetsRetrievalTool][main] - .................
2018-12-06 16:44:58 INFO  [main][qa.org.qcri.tweetsretrievaltool.TweetsRetrievalTool][main] - .................
2018-12-06 16:44:58 INFO  [main][qa.org.qcri.tweetsretrievaltool.TweetsRetrievalTool][main] - tweet_ids.txt
2018-12-06 16:44:58 INFO  [main][qa.org.qcri.tweetsretrievaltool.TweetsRetrievalTool][main] - tweet2.json
2018-12-06 16:44:58 INFO  [main][qa.org.qcri.tweetsretrievaltool.TweetsRetrievalTool][main] - twitter.properties
2018-12-06 16:44:58 INFO  [main][qa.org.qcri.tweetsretrievaltool.TweetsRetrievalTool][main] - .................
2018-12-06 16:44:58 INFO  [main][qa.org.qcri.tweetsretrievaltool.TweetsRetrievalTool][main] - Size: 9802
2018-12-06 16:45:07 INFO  [main][qa.org.qcri.tweetsretrievaltool.TweetsRetrievalTool][main] - .................
2018-12-06 16:45:07 INFO  [main][qa.org.qcri.tweetsretrievaltool.TweetsRetrievalTool][main] - tweet_ids.txt
2018-12-06 16:45:07 INFO  [main][qa.org.qcri.tweetsretrievaltool.TweetsRetrievalTool][main] - tweet2.json
2018-12-06 16:45:07 INFO  [main][qa.org.qcri.tweetsretrievaltool.TweetsRetrievalTool][main] - twitter.properties
2018-12-06 16:45:07 INFO  [main][qa.org.qcri.tweetsretrievaltool.TweetsRetrievalTool][main] - .................
2018-12-06 16:45:08 INFO  [main][qa.org.qcri.tweetsretrievaltool.TweetsRetrievalTool][main] - Size: 5890
2018-12-06 16:45:40 INFO  [main][qa.org.qcri.tweetsretrievaltool.TweetsRetrievalTool][main] - .................
2018-12-06 16:45:40 INFO  [main][qa.org.qcri.tweetsretrievaltool.TweetsRetrievalTool][main] - tweet_ids.txt
2018-12-06 16:45:40 INFO  [main][qa.org.qcri.tweetsretrievaltool.TweetsRetrievalTool][main] - tweet2.json
2018-12-06 16:45:40 INFO  [main][qa.org.qcri.tweetsretrievaltool.TweetsRetrievalTool][main] - twitter.properties
2018-12-06 16:45:40 INFO  [main][qa.org.qcri.tweetsretrievaltool.TweetsRetrievalTool][main] - .................
2018-12-06 16:45:40 INFO  [main][qa.org.qcri.tweetsretrievaltool.TweetsRetrievalTool][main] - Size: 9802
2018-12-06 16:46:00 ERROR [main][qa.org.qcri.tweetsretrievaltool.TwitterAPI][call] - Error in url https://api.twitter.com/1.1/statuses/lookup.json?id=382813377539502081,382813388503412736,382813391435206659,382813401845485568,382813430622982144,382813437513834497,382813440655376384,382813444011204608,382813445495586816,382813460574117888&tweet_mode=extended
2018-12-06 16:46:00 ERROR [main][qa.org.qcri.tweetsretrievaltool.TwitterAPI][call] - java.net.SocketInputStream.read(SocketInputStream.java:210)
2018-12-06 16:46:00 ERROR [main][qa.org.qcri.tweetsretrievaltool.TwitterAPI][call] - java.net.SocketInputStream.read(SocketInputStream.java:141)
2018-12-06 16:46:00 ERROR [main][qa.org.qcri.tweetsretrievaltool.TwitterAPI][call] - sun.security.ssl.InputRecord.readFully(InputRecord.java:465)
2018-12-06 16:46:00 ERROR [main][qa.org.qcri.tweetsretrievaltool.TwitterAPI][call] - sun.security.ssl.InputRecord.read(InputRecord.java:503)
2018-12-06 16:46:00 ERROR [main][qa.org.qcri.tweetsretrievaltool.TwitterAPI][call] - sun.security.ssl.SSLSocketImpl.readRecord(SSLSocketImpl.java:983)
2018-12-06 16:46:00 ERROR [main][qa.org.qcri.tweetsretrievaltool.TwitterAPI][call] - sun.security.ssl.SSLSocketImpl.performInitialHandshake(SSLSocketImpl.java:1385)
2018-12-06 16:46:00 ERROR [main][qa.org.qcri.tweetsretrievaltool.TwitterAPI][call] - sun.security.ssl.SSLSocketImpl.startHandshake(SSLSocketImpl.java:1413)
2018-12-06 16:46:00 ERROR [main][qa.org.qcri.tweetsretrievaltool.TwitterAPI][call] - sun.security.ssl.SSLSocketImpl.startHandshake(SSLSocketImpl.java:1397)
2018-12-06 16:46:00 ERROR [main][qa.org.qcri.tweetsretrievaltool.TwitterAPI][call] - sun.net.www.protocol.https.HttpsClient.afterConnect(HttpsClient.java:559)
2018-12-06 16:46:00 ERROR [main][qa.org.qcri.tweetsretrievaltool.TwitterAPI][call] - sun.net.www.protocol.https.AbstractDelegateHttpsURLConnection.connect(AbstractDelegateHttpsURLConnection.java:185)
2018-12-06 16:46:00 ERROR [main][qa.org.qcri.tweetsretrievaltool.TwitterAPI][call] - sun.net.www.protocol.http.HttpURLConnection.getInputStream0(HttpURLConnection.java:1564)
2018-12-06 16:46:00 ERROR [main][qa.org.qcri.tweetsretrievaltool.TwitterAPI][call] - sun.net.www.protocol.http.HttpURLConnection.getInputStream(HttpURLConnection.java:1492)
2018-12-06 16:46:00 ERROR [main][qa.org.qcri.tweetsretrievaltool.TwitterAPI][call] - java.net.HttpURLConnection.getResponseCode(HttpURLConnection.java:480)
2018-12-06 16:46:00 ERROR [main][qa.org.qcri.tweetsretrievaltool.TwitterAPI][call] - sun.net.www.protocol.https.HttpsURLConnectionImpl.getResponseCode(HttpsURLConnectionImpl.java:347)
2018-12-06 16:46:00 ERROR [main][qa.org.qcri.tweetsretrievaltool.TwitterAPI][call] - qa.org.qcri.tweetsretrievaltool.TwitterAPI.call(TwitterAPI.java:38)
2018-12-06 16:46:00 ERROR [main][qa.org.qcri.tweetsretrievaltool.TwitterAPI][call] - qa.org.qcri.tweetsretrievaltool.TwitterAPI.getStatusesLookup(TwitterAPI.java:89)
2018-12-06 16:46:00 ERROR [main][qa.org.qcri.tweetsretrievaltool.TwitterAPI][call] - qa.org.qcri.tweetsretrievaltool.TweetsRetrievalTool.main(TweetsRetrievalTool.java:73)
2018-12-06 16:46:00 ERROR [main][qa.org.qcri.tweetsretrievaltool.TwitterAPI][getStatusesLookup] - NULL: https://api.twitter.com/1.1/statuses/lookup.json?id=382813377539502081,382813388503412736,382813391435206659,382813401845485568,382813430622982144,382813437513834497,382813440655376384,382813444011204608,382813445495586816,382813460574117888&tweet_mode=extended
2018-12-06 16:46:20 ERROR [main][qa.org.qcri.tweetsretrievaltool.TwitterAPI][call] - Error in url https://api.twitter.com/1.1/statuses/lookup.json?id=382813466014121984,382813467528282112,382813501489946624,382813501729017856,382813514881982464,382813518602313729,382813522641821696,382813530396700672,382813532305096705,382813540413095936&tweet_mode=extended
2018-12-06 16:46:20 ERROR [main][qa.org.qcri.tweetsretrievaltool.TwitterAPI][call] - java.net.SocketInputStream.read(SocketInputStream.java:210)
2018-12-06 16:46:20 ERROR [main][qa.org.qcri.tweetsretrievaltool.TwitterAPI][call] - java.net.SocketInputStream.read(SocketInputStream.java:141)
2018-12-06 16:46:20 ERROR [main][qa.org.qcri.tweetsretrievaltool.TwitterAPI][call] - sun.security.ssl.InputRecord.readFully(InputRecord.java:465)
2018-12-06 16:46:20 ERROR [main][qa.org.qcri.tweetsretrievaltool.TwitterAPI][call] - sun.security.ssl.InputRecord.read(InputRecord.java:503)
2018-12-06 16:46:20 ERROR [main][qa.org.qcri.tweetsretrievaltool.TwitterAPI][call] - sun.security.ssl.SSLSocketImpl.readRecord(SSLSocketImpl.java:983)
2018-12-06 16:46:20 ERROR [main][qa.org.qcri.tweetsretrievaltool.TwitterAPI][call] - sun.security.ssl.SSLSocketImpl.performInitialHandshake(SSLSocketImpl.java:1385)
2018-12-06 16:46:20 ERROR [main][qa.org.qcri.tweetsretrievaltool.TwitterAPI][call] - sun.security.ssl.SSLSocketImpl.startHandshake(SSLSocketImpl.java:1413)
2018-12-06 16:46:20 ERROR [main][qa.org.qcri.tweetsretrievaltool.TwitterAPI][call] - sun.security.ssl.SSLSocketImpl.startHandshake(SSLSocketImpl.java:1397)
2018-12-06 16:46:20 ERROR [main][qa.org.qcri.tweetsretrievaltool.TwitterAPI][call] - sun.net.www.protocol.https.HttpsClient.afterConnect(HttpsClient.java:559)
2018-12-06 16:46:20 ERROR [main][qa.org.qcri.tweetsretrievaltool.TwitterAPI][call] - sun.net.www.protocol.https.AbstractDelegateHttpsURLConnection.connect(AbstractDelegateHttpsURLConnection.java:185)
2018-12-06 16:46:20 ERROR [main][qa.org.qcri.tweetsretrievaltool.TwitterAPI][call] - sun.net.www.protocol.http.HttpURLConnection.getInputStream0(HttpURLConnection.java:1564)
2018-12-06 16:46:20 ERROR [main][qa.org.qcri.tweetsretrievaltool.TwitterAPI][call] - sun.net.www.protocol.http.HttpURLConnection.getInputStream(HttpURLConnection.java:1492)
2018-12-06 16:46:20 ERROR [main][qa.org.qcri.tweetsretrievaltool.TwitterAPI][call] - java.net.HttpURLConnection.getResponseCode(HttpURLConnection.java:480)
2018-12-06 16:46:20 ERROR [main][qa.org.qcri.tweetsretrievaltool.TwitterAPI][call] - sun.net.www.protocol.https.HttpsURLConnectionImpl.getResponseCode(HttpsURLConnectionImpl.java:347)
2018-12-06 16:46:20 ERROR [main][qa.org.qcri.tweetsretrievaltool.TwitterAPI][call] - qa.org.qcri.tweetsretrievaltool.TwitterAPI.call(TwitterAPI.java:38)
2018-12-06 16:46:20 ERROR [main][qa.org.qcri.tweetsretrievaltool.TwitterAPI][call] - qa.org.qcri.tweetsretrievaltool.TwitterAPI.getStatusesLookup(TwitterAPI.java:89)
2018-12-06 16:46:20 ERROR [main][qa.org.qcri.tweetsretrievaltool.TwitterAPI][call] - qa.org.qcri.tweetsretrievaltool.TweetsRetrievalTool.main(TweetsRetrievalTool.java:73)
2018-12-06 16:46:20 ERROR [main][qa.org.qcri.tweetsretrievaltool.TwitterAPI][getStatusesLookup] - NULL: https://api.twitter.com/1.1/statuses/lookup.json?id=382813466014121984,382813467528282112,382813501489946624,382813501729017856,382813514881982464,382813518602313729,382813522641821696,382813530396700672,382813532305096705,382813540413095936&tweet_mode=extended
2018-12-06 16:46:38 INFO  [main][qa.org.qcri.tweetsretrievaltool.TweetsRetrievalTool][main] - .................
2018-12-06 16:46:38 INFO  [main][qa.org.qcri.tweetsretrievaltool.TweetsRetrievalTool][main] - tweet_ids.txt
2018-12-06 16:46:38 INFO  [main][qa.org.qcri.tweetsretrievaltool.TweetsRetrievalTool][main] - tweet2.json
2018-12-06 16:46:38 INFO  [main][qa.org.qcri.tweetsretrievaltool.TweetsRetrievalTool][main] - twitter.properties
2018-12-06 16:46:38 INFO  [main][qa.org.qcri.tweetsretrievaltool.TweetsRetrievalTool][main] - .................
2018-12-06 16:53:47 INFO  [main][qa.org.qcri.tweetsretrievaltool.TweetsRetrievalTool][main] - .................
2018-12-06 16:53:47 INFO  [main][qa.org.qcri.tweetsretrievaltool.TweetsRetrievalTool][main] - tweet_ids.txt
2018-12-06 16:53:47 INFO  [main][qa.org.qcri.tweetsretrievaltool.TweetsRetrievalTool][main] - tweet2.json
2018-12-06 16:53:47 INFO  [main][qa.org.qcri.tweetsretrievaltool.TweetsRetrievalTool][main] - twitter.properties
2018-12-06 16:53:47 INFO  [main][qa.org.qcri.tweetsretrievaltool.TweetsRetrievalTool][main] - .................
2018-12-06 16:53:48 INFO  [main][qa.org.qcri.tweetsretrievaltool.TweetsRetrievalTool][main] - Size: 9802
2018-12-06 16:53:55 INFO  [main][qa.org.qcri.tweetsretrievaltool.TwitterAPI][call] - 900/899(1544112534)
2018-12-06 16:53:55 INFO  [main][qa.org.qcri.tweetsretrievaltool.TwitterAPI][call] - 900/898(1544112534)
2018-12-06 16:53:56 INFO  [main][qa.org.qcri.tweetsretrievaltool.TwitterAPI][call] - 900/897(1544112534)
2018-12-06 16:53:57 INFO  [main][qa.org.qcri.tweetsretrievaltool.TwitterAPI][call] - 900/896(1544112534)
2018-12-06 16:53:57 INFO  [main][qa.org.qcri.tweetsretrievaltool.TwitterAPI][call] - 900/895(1544112534)
2018-12-06 16:53:58 INFO  [main][qa.org.qcri.tweetsretrievaltool.TwitterAPI][call] - 900/894(1544112534)
2018-12-06 16:53:59 INFO  [main][qa.org.qcri.tweetsretrievaltool.TwitterAPI][call] - 900/893(1544112534)
2018-12-06 16:53:59 INFO  [main][qa.org.qcri.tweetsretrievaltool.TwitterAPI][call] - 900/892(1544112534)
2018-12-06 16:54:00 INFO  [main][qa.org.qcri.tweetsretrievaltool.TwitterAPI][call] - 900/891(1544112534)
2018-12-06 16:54:00 INFO  [main][qa.org.qcri.tweetsretrievaltool.TwitterAPI][call] - 900/890(1544112534)
2018-12-06 16:54:01 INFO  [main][qa.org.qcri.tweetsretrievaltool.TwitterAPI][call] - 900/889(1544112534)
2018-12-06 16:54:02 INFO  [main][qa.org.qcri.tweetsretrievaltool.TwitterAPI][call] - 900/888(1544112534)
2018-12-06 16:54:02 INFO  [main][qa.org.qcri.tweetsretrievaltool.TwitterAPI][call] - 900/887(1544112534)
2018-12-06 16:54:03 INFO  [main][qa.org.qcri.tweetsretrievaltool.TwitterAPI][call] - 900/886(1544112534)
2018-12-06 16:54:03 INFO  [main][qa.org.qcri.tweetsretrievaltool.TwitterAPI][call] - 900/885(1544112534)
2018-12-06 16:54:04 INFO  [main][qa.org.qcri.tweetsretrievaltool.TwitterAPI][call] - 900/884(1544112534)
2018-12-06 16:54:04 INFO  [main][qa.org.qcri.tweetsretrievaltool.TwitterAPI][call] - 900/883(1544112534)
2018-12-06 16:54:05 INFO  [main][qa.org.qcri.tweetsretrievaltool.TwitterAPI][call] - 900/882(1544112534)
2018-12-06 16:54:05 INFO  [main][qa.org.qcri.tweetsretrievaltool.TwitterAPI][call] - 900/881(1544112534)
2018-12-06 16:54:06 INFO  [main][qa.org.qcri.tweetsretrievaltool.TwitterAPI][call] - 900/880(1544112534)
2018-12-06 16:54:06 INFO  [main][qa.org.qcri.tweetsretrievaltool.TwitterAPI][call] - 900/879(1544112534)
2018-12-06 16:54:07 INFO  [main][qa.org.qcri.tweetsretrievaltool.TwitterAPI][call] - 900/878(1544112534)
2018-12-06 16:54:08 INFO  [main][qa.org.qcri.tweetsretrievaltool.TwitterAPI][call] - 900/877(1544112534)
2018-12-06 16:54:08 INFO  [main][qa.org.qcri.tweetsretrievaltool.TwitterAPI][call] - 900/876(1544112534)
2018-12-06 16:54:09 INFO  [main][qa.org.qcri.tweetsretrievaltool.TwitterAPI][call] - 900/875(1544112534)
2018-12-06 16:54:09 INFO  [main][qa.org.qcri.tweetsretrievaltool.TwitterAPI][call] - 900/874(1544112534)
2018-12-06 16:54:10 INFO  [main][qa.org.qcri.tweetsretrievaltool.TwitterAPI][call] - 900/873(1544112534)
2018-12-06 16:54:10 INFO  [main][qa.org.qcri.tweetsretrievaltool.TwitterAPI][call] - 900/872(1544112534)
2018-12-06 16:54:11 INFO  [main][qa.org.qcri.tweetsretrievaltool.TwitterAPI][call] - 900/871(1544112534)
2018-12-06 16:54:11 INFO  [main][qa.org.qcri.tweetsretrievaltool.TwitterAPI][call] - 900/870(1544112534)
2018-12-06 16:54:12 INFO  [main][qa.org.qcri.tweetsretrievaltool.TwitterAPI][call] - 900/869(1544112534)
2018-12-06 16:54:12 INFO  [main][qa.org.qcri.tweetsretrievaltool.TwitterAPI][call] - 900/868(1544112534)
2018-12-06 16:54:13 INFO  [main][qa.org.qcri.tweetsretrievaltool.TwitterAPI][call] - 900/867(1544112534)
2018-12-06 16:54:13 INFO  [main][qa.org.qcri.tweetsretrievaltool.TwitterAPI][call] - 900/866(1544112534)
2018-12-06 16:54:14 INFO  [main][qa.org.qcri.tweetsretrievaltool.TwitterAPI][call] - 900/865(1544112534)
2018-12-06 16:54:14 INFO  [main][qa.org.qcri.tweetsretrievaltool.TwitterAPI][call] - 900/864(1544112534)
2018-12-06 16:54:15 INFO  [main][qa.org.qcri.tweetsretrievaltool.TwitterAPI][call] - 900/863(1544112534)
2018-12-06 16:54:15 INFO  [main][qa.org.qcri.tweetsretrievaltool.TwitterAPI][call] - 900/862(1544112534)
2018-12-06 16:54:16 INFO  [main][qa.org.qcri.tweetsretrievaltool.TwitterAPI][call] - 900/861(1544112534)
2018-12-06 16:54:17 INFO  [main][qa.org.qcri.tweetsretrievaltool.TwitterAPI][call] - 900/860(1544112534)
2018-12-06 16:54:17 INFO  [main][qa.org.qcri.tweetsretrievaltool.TwitterAPI][call] - 900/859(1544112534)
2018-12-06 16:54:18 INFO  [main][qa.org.qcri.tweetsretrievaltool.TwitterAPI][call] - 900/858(1544112534)
2018-12-06 16:54:18 INFO  [main][qa.org.qcri.tweetsretrievaltool.TwitterAPI][call] - 900/857(1544112534)
2018-12-06 16:54:19 INFO  [main][qa.org.qcri.tweetsretrievaltool.TwitterAPI][call] - 900/856(1544112534)
2018-12-06 16:54:20 INFO  [main][qa.org.qcri.tweetsretrievaltool.TwitterAPI][call] - 900/855(1544112534)
2018-12-06 16:54:20 INFO  [main][qa.org.qcri.tweetsretrievaltool.TwitterAPI][call] - 900/854(1544112534)
2018-12-06 16:54:21 INFO  [main][qa.org.qcri.tweetsretrievaltool.TwitterAPI][call] - 900/853(1544112534)
2018-12-06 16:54:21 INFO  [main][qa.org.qcri.tweetsretrievaltool.TwitterAPI][call] - 900/852(1544112534)
2018-12-06 16:54:22 INFO  [main][qa.org.qcri.tweetsretrievaltool.TwitterAPI][call] - 900/851(1544112534)
2018-12-06 16:54:22 INFO  [main][qa.org.qcri.tweetsretrievaltool.TwitterAPI][call] - 900/850(1544112534)
2018-12-06 16:54:23 INFO  [main][qa.org.qcri.tweetsretrievaltool.TwitterAPI][call] - 900/849(1544112534)
2018-12-06 16:54:24 INFO  [main][qa.org.qcri.tweetsretrievaltool.TwitterAPI][call] - 900/848(1544112534)
2018-12-06 16:54:25 INFO  [main][qa.org.qcri.tweetsretrievaltool.TwitterAPI][call] - 900/847(1544112534)
2018-12-06 16:54:25 INFO  [main][qa.org.qcri.tweetsretrievaltool.TwitterAPI][call] - 900/846(1544112534)
2018-12-06 16:54:26 INFO  [main][qa.org.qcri.tweetsretrievaltool.TwitterAPI][call] - 900/845(1544112534)
2018-12-06 16:54:27 INFO  [main][qa.org.qcri.tweetsretrievaltool.TwitterAPI][call] - 900/844(1544112534)
2018-12-06 16:54:27 INFO  [main][qa.org.qcri.tweetsretrievaltool.TwitterAPI][call] - 900/843(1544112534)
2018-12-06 16:54:28 INFO  [main][qa.org.qcri.tweetsretrievaltool.TwitterAPI][call] - 900/842(1544112534)
2018-12-06 16:54:28 INFO  [main][qa.org.qcri.tweetsretrievaltool.TwitterAPI][call] - 900/841(1544112534)
2018-12-06 16:54:28 INFO  [main][qa.org.qcri.tweetsretrievaltool.TwitterAPI][call] - 900/840(1544112534)
2018-12-06 16:54:29 INFO  [main][qa.org.qcri.tweetsretrievaltool.TwitterAPI][call] - 900/839(1544112534)
2018-12-06 16:54:29 INFO  [main][qa.org.qcri.tweetsretrievaltool.TwitterAPI][call] - 900/838(1544112534)
2018-12-06 16:54:29 INFO  [main][qa.org.qcri.tweetsretrievaltool.TwitterAPI][call] - 900/837(1544112534)
2018-12-06 16:54:30 INFO  [main][qa.org.qcri.tweetsretrievaltool.TwitterAPI][call] - 900/836(1544112534)
2018-12-06 16:54:30 INFO  [main][qa.org.qcri.tweetsretrievaltool.TwitterAPI][call] - 900/835(1544112534)
2018-12-06 16:54:30 INFO  [main][qa.org.qcri.tweetsretrievaltool.TwitterAPI][call] - 900/834(1544112534)
2018-12-06 16:54:31 INFO  [main][qa.org.qcri.tweetsretrievaltool.TwitterAPI][call] - 900/833(1544112534)
2018-12-06 16:54:32 INFO  [main][qa.org.qcri.tweetsretrievaltool.TwitterAPI][call] - 900/832(1544112534)
2018-12-06 16:54:32 INFO  [main][qa.org.qcri.tweetsretrievaltool.TwitterAPI][call] - 900/831(1544112534)
2018-12-06 16:54:32 INFO  [main][qa.org.qcri.tweetsretrievaltool.TwitterAPI][call] - 900/830(1544112534)
2018-12-06 16:54:33 INFO  [main][qa.org.qcri.tweetsretrievaltool.TwitterAPI][call] - 900/829(1544112534)
2018-12-06 16:54:34 INFO  [main][qa.org.qcri.tweetsretrievaltool.TwitterAPI][call] - 900/828(1544112534)
2018-12-06 16:54:34 INFO  [main][qa.org.qcri.tweetsretrievaltool.TwitterAPI][call] - 900/827(1544112534)
2018-12-06 16:54:35 INFO  [main][qa.org.qcri.tweetsretrievaltool.TwitterAPI][call] - 900/826(1544112534)
2018-12-06 16:54:35 INFO  [main][qa.org.qcri.tweetsretrievaltool.TwitterAPI][call] - 900/825(1544112534)
2018-12-06 16:54:35 INFO  [main][qa.org.qcri.tweetsretrievaltool.TwitterAPI][call] - 900/824(1544112534)
2018-12-06 16:54:36 INFO  [main][qa.org.qcri.tweetsretrievaltool.TwitterAPI][call] - 900/823(1544112534)
2018-12-06 16:54:36 INFO  [main][qa.org.qcri.tweetsretrievaltool.TwitterAPI][call] - 900/822(1544112534)
2018-12-06 16:54:37 INFO  [main][qa.org.qcri.tweetsretrievaltool.TwitterAPI][call] - 900/821(1544112534)
2018-12-06 16:54:37 INFO  [main][qa.org.qcri.tweetsretrievaltool.TwitterAPI][call] - 900/820(1544112534)
2018-12-06 16:54:38 INFO  [main][qa.org.qcri.tweetsretrievaltool.TwitterAPI][call] - 900/819(1544112534)
2018-12-06 16:54:38 INFO  [main][qa.org.qcri.tweetsretrievaltool.TwitterAPI][call] - 900/818(1544112534)
2018-12-06 16:54:38 INFO  [main][qa.org.qcri.tweetsretrievaltool.TwitterAPI][call] - 900/817(1544112534)
2018-12-06 16:54:39 INFO  [main][qa.org.qcri.tweetsretrievaltool.TwitterAPI][call] - 900/816(1544112534)
2018-12-06 16:54:39 INFO  [main][qa.org.qcri.tweetsretrievaltool.TwitterAPI][call] - 900/815(1544112534)
2018-12-06 16:54:40 INFO  [main][qa.org.qcri.tweetsretrievaltool.TwitterAPI][call] - 900/814(1544112534)
2018-12-06 16:54:40 INFO  [main][qa.org.qcri.tweetsretrievaltool.TwitterAPI][call] - 900/813(1544112534)
2018-12-06 16:54:40 INFO  [main][qa.org.qcri.tweetsretrievaltool.TwitterAPI][call] - 900/812(1544112534)
2018-12-06 16:54:41 INFO  [main][qa.org.qcri.tweetsretrievaltool.TwitterAPI][call] - 900/811(1544112534)
2018-12-06 16:54:42 INFO  [main][qa.org.qcri.tweetsretrievaltool.TwitterAPI][call] - 900/810(1544112534)
2018-12-06 16:54:42 INFO  [main][qa.org.qcri.tweetsretrievaltool.TwitterAPI][call] - 900/809(1544112534)
2018-12-06 16:54:43 INFO  [main][qa.org.qcri.tweetsretrievaltool.TwitterAPI][call] - 900/808(1544112534)
2018-12-06 16:54:43 INFO  [main][qa.org.qcri.tweetsretrievaltool.TwitterAPI][call] - 900/807(1544112534)
2018-12-06 16:54:43 INFO  [main][qa.org.qcri.tweetsretrievaltool.TwitterAPI][call] - 900/806(1544112534)
2018-12-06 16:54:43 INFO  [main][qa.org.qcri.tweetsretrievaltool.TwitterAPI][call] - 900/805(1544112534)
2018-12-06 16:54:44 INFO  [main][qa.org.qcri.tweetsretrievaltool.TwitterAPI][call] - 900/804(1544112534)
2018-12-06 16:54:45 INFO  [main][qa.org.qcri.tweetsretrievaltool.TwitterAPI][call] - 900/803(1544112534)
2018-12-06 16:54:45 INFO  [main][qa.org.qcri.tweetsretrievaltool.TwitterAPI][call] - 900/802(1544112534)
2018-12-06 16:54:45 INFO  [main][qa.org.qcri.tweetsretrievaltool.TwitterAPI][call] - 900/801(1544112534)
2018-12-06 16:54:46 INFO  [main][qa.org.qcri.tweetsretrievaltool.TwitterAPI][call] - 900/800(1544112534)
2018-12-06 16:54:47 INFO  [main][qa.org.qcri.tweetsretrievaltool.TwitterAPI][call] - 900/799(1544112534)
2018-12-06 16:54:47 INFO  [main][qa.org.qcri.tweetsretrievaltool.TwitterAPI][call] - 900/798(1544112534)
2018-12-06 16:54:48 INFO  [main][qa.org.qcri.tweetsretrievaltool.TwitterAPI][call] - 900/797(1544112534)
2018-12-06 16:54:48 INFO  [main][qa.org.qcri.tweetsretrievaltool.TwitterAPI][call] - 900/796(1544112534)
2018-12-06 16:54:49 INFO  [main][qa.org.qcri.tweetsretrievaltool.TwitterAPI][call] - 900/795(1544112534)
2018-12-06 16:54:49 INFO  [main][qa.org.qcri.tweetsretrievaltool.TwitterAPI][call] - 900/794(1544112534)
2018-12-06 16:54:50 INFO  [main][qa.org.qcri.tweetsretrievaltool.TwitterAPI][call] - 900/793(1544112534)
2018-12-06 16:54:50 INFO  [main][qa.org.qcri.tweetsretrievaltool.TwitterAPI][call] - 900/792(1544112534)
2018-12-06 16:54:50 INFO  [main][qa.org.qcri.tweetsretrievaltool.TwitterAPI][call] - 900/791(1544112534)
2018-12-06 16:54:51 INFO  [main][qa.org.qcri.tweetsretrievaltool.TwitterAPI][call] - 900/790(1544112534)
2018-12-06 16:54:51 INFO  [main][qa.org.qcri.tweetsretrievaltool.TwitterAPI][call] - 900/789(1544112534)
2018-12-06 16:54:51 INFO  [main][qa.org.qcri.tweetsretrievaltool.TwitterAPI][call] - 900/788(1544112534)
2018-12-06 16:54:52 INFO  [main][qa.org.qcri.tweetsretrievaltool.TwitterAPI][call] - 900/787(1544112534)
2018-12-06 16:54:52 INFO  [main][qa.org.qcri.tweetsretrievaltool.TwitterAPI][call] - 900/786(1544112534)
2018-12-06 16:54:53 INFO  [main][qa.org.qcri.tweetsretrievaltool.TwitterAPI][call] - 900/785(1544112534)
2018-12-06 16:54:53 INFO  [main][qa.org.qcri.tweetsretrievaltool.TwitterAPI][call] - 900/784(1544112534)
2018-12-06 16:54:54 INFO  [main][qa.org.qcri.tweetsretrievaltool.TwitterAPI][call] - 900/783(1544112534)
2018-12-06 16:54:54 INFO  [main][qa.org.qcri.tweetsretrievaltool.TwitterAPI][call] - 900/782(1544112534)
2018-12-06 16:54:55 INFO  [main][qa.org.qcri.tweetsretrievaltool.TwitterAPI][call] - 900/781(1544112534)
2018-12-06 16:54:55 INFO  [main][qa.org.qcri.tweetsretrievaltool.TwitterAPI][call] - 900/780(1544112534)
2018-12-06 16:54:56 INFO  [main][qa.org.qcri.tweetsretrievaltool.TwitterAPI][call] - 900/779(1544112534)
2018-12-06 16:54:56 INFO  [main][qa.org.qcri.tweetsretrievaltool.TwitterAPI][call] - 900/778(1544112534)
2018-12-06 16:54:57 INFO  [main][qa.org.qcri.tweetsretrievaltool.TwitterAPI][call] - 900/777(1544112534)
2018-12-06 16:54:57 INFO  [main][qa.org.qcri.tweetsretrievaltool.TwitterAPI][call] - 900/776(1544112534)
2018-12-06 16:54:57 INFO  [main][qa.org.qcri.tweetsretrievaltool.TwitterAPI][call] - 900/775(1544112534)
2018-12-06 16:54:58 INFO  [main][qa.org.qcri.tweetsretrievaltool.TwitterAPI][call] - 900/774(1544112534)
2018-12-06 16:54:58 INFO  [main][qa.org.qcri.tweetsretrievaltool.TwitterAPI][call] - 900/773(1544112534)
2018-12-06 16:54:59 INFO  [main][qa.org.qcri.tweetsretrievaltool.TwitterAPI][call] - 900/772(1544112534)
2018-12-06 16:54:59 INFO  [main][qa.org.qcri.tweetsretrievaltool.TwitterAPI][call] - 900/771(1544112534)
2018-12-06 16:54:59 INFO  [main][qa.org.qcri.tweetsretrievaltool.TwitterAPI][call] - 900/770(1544112534)
2018-12-06 16:55:00 INFO  [main][qa.org.qcri.tweetsretrievaltool.TwitterAPI][call] - 900/769(1544112534)
2018-12-06 16:55:00 INFO  [main][qa.org.qcri.tweetsretrievaltool.TwitterAPI][call] - 900/768(1544112534)
2018-12-06 16:55:00 INFO  [main][qa.org.qcri.tweetsretrievaltool.TwitterAPI][call] - 900/767(1544112534)
2018-12-06 16:55:01 INFO  [main][qa.org.qcri.tweetsretrievaltool.TwitterAPI][call] - 900/766(1544112534)
2018-12-06 16:55:01 INFO  [main][qa.org.qcri.tweetsretrievaltool.TwitterAPI][call] - 900/765(1544112534)
2018-12-06 16:55:02 INFO  [main][qa.org.qcri.tweetsretrievaltool.TwitterAPI][call] - 900/764(1544112534)
2018-12-06 16:55:02 INFO  [main][qa.org.qcri.tweetsretrievaltool.TwitterAPI][call] - 900/763(1544112534)
2018-12-06 16:55:03 INFO  [main][qa.org.qcri.tweetsretrievaltool.TwitterAPI][call] - 900/762(1544112534)
2018-12-06 16:55:03 INFO  [main][qa.org.qcri.tweetsretrievaltool.TwitterAPI][call] - 900/761(1544112534)
2018-12-06 16:55:04 INFO  [main][qa.org.qcri.tweetsretrievaltool.TwitterAPI][call] - 900/760(1544112534)
2018-12-06 16:55:04 INFO  [main][qa.org.qcri.tweetsretrievaltool.TwitterAPI][call] - 900/759(1544112534)
2018-12-06 16:55:05 INFO  [main][qa.org.qcri.tweetsretrievaltool.TwitterAPI][call] - 900/758(1544112534)
2018-12-06 16:55:05 INFO  [main][qa.org.qcri.tweetsretrievaltool.TwitterAPI][call] - 900/757(1544112534)
2018-12-06 16:55:06 INFO  [main][qa.org.qcri.tweetsretrievaltool.TwitterAPI][call] - 900/756(1544112534)
2018-12-06 16:55:06 INFO  [main][qa.org.qcri.tweetsretrievaltool.TwitterAPI][call] - 900/755(1544112534)
2018-12-06 16:55:06 INFO  [main][qa.org.qcri.tweetsretrievaltool.TwitterAPI][call] - 900/754(1544112534)
2018-12-06 16:55:07 INFO  [main][qa.org.qcri.tweetsretrievaltool.TwitterAPI][call] - 900/753(1544112534)
2018-12-06 16:55:07 INFO  [main][qa.org.qcri.tweetsretrievaltool.TwitterAPI][call] - 900/752(1544112534)
2018-12-06 16:55:08 INFO  [main][qa.org.qcri.tweetsretrievaltool.TwitterAPI][call] - 900/751(1544112534)
2018-12-06 16:55:08 INFO  [main][qa.org.qcri.tweetsretrievaltool.TwitterAPI][call] - 900/750(1544112534)
2018-12-06 16:55:09 INFO  [main][qa.org.qcri.tweetsretrievaltool.TwitterAPI][call] - 900/749(1544112534)
2018-12-06 16:55:09 INFO  [main][qa.org.qcri.tweetsretrievaltool.TwitterAPI][call] - 900/748(1544112534)
2018-12-06 16:55:10 INFO  [main][qa.org.qcri.tweetsretrievaltool.TwitterAPI][call] - 900/747(1544112534)
2018-12-06 16:55:10 INFO  [main][qa.org.qcri.tweetsretrievaltool.TwitterAPI][call] - 900/746(1544112534)
2018-12-06 16:55:11 INFO  [main][qa.org.qcri.tweetsretrievaltool.TwitterAPI][call] - 900/745(1544112534)
2018-12-06 16:55:11 INFO  [main][qa.org.qcri.tweetsretrievaltool.TwitterAPI][call] - 900/744(1544112534)
2018-12-06 16:55:12 INFO  [main][qa.org.qcri.tweetsretrievaltool.TwitterAPI][call] - 900/743(1544112534)
2018-12-06 16:55:12 INFO  [main][qa.org.qcri.tweetsretrievaltool.TwitterAPI][call] - 900/742(1544112534)
2018-12-06 16:55:13 INFO  [main][qa.org.qcri.tweetsretrievaltool.TwitterAPI][call] - 900/741(1544112534)
2018-12-06 16:55:13 INFO  [main][qa.org.qcri.tweetsretrievaltool.TwitterAPI][call] - 900/740(1544112534)
2018-12-06 16:55:14 INFO  [main][qa.org.qcri.tweetsretrievaltool.TwitterAPI][call] - 900/739(1544112534)
2018-12-06 16:55:14 INFO  [main][qa.org.qcri.tweetsretrievaltool.TwitterAPI][call] - 900/738(1544112534)
2018-12-06 16:55:14 INFO  [main][qa.org.qcri.tweetsretrievaltool.TwitterAPI][call] - 900/737(1544112534)
2018-12-06 16:55:15 INFO  [main][qa.org.qcri.tweetsretrievaltool.TwitterAPI][call] - 900/736(1544112534)
2018-12-06 16:55:15 INFO  [main][qa.org.qcri.tweetsretrievaltool.TwitterAPI][call] - 900/735(1544112534)
2018-12-06 16:55:15 INFO  [main][qa.org.qcri.tweetsretrievaltool.TwitterAPI][call] - 900/734(1544112534)
2018-12-06 16:55:16 INFO  [main][qa.org.qcri.tweetsretrievaltool.TwitterAPI][call] - 900/733(1544112534)
2018-12-06 16:55:16 INFO  [main][qa.org.qcri.tweetsretrievaltool.TwitterAPI][call] - 900/732(1544112534)
2018-12-06 16:55:16 INFO  [main][qa.org.qcri.tweetsretrievaltool.TwitterAPI][call] - 900/731(1544112534)
2018-12-06 16:55:17 INFO  [main][qa.org.qcri.tweetsretrievaltool.TwitterAPI][call] - 900/730(1544112534)
2018-12-06 16:55:17 INFO  [main][qa.org.qcri.tweetsretrievaltool.TwitterAPI][call] - 900/729(1544112534)
2018-12-06 16:55:18 INFO  [main][qa.org.qcri.tweetsretrievaltool.TwitterAPI][call] - 900/728(1544112534)
2018-12-06 16:55:18 INFO  [main][qa.org.qcri.tweetsretrievaltool.TwitterAPI][call] - 900/727(1544112534)
2018-12-06 16:55:18 INFO  [main][qa.org.qcri.tweetsretrievaltool.TwitterAPI][call] - 900/726(1544112534)
2018-12-06 16:55:19 INFO  [main][qa.org.qcri.tweetsretrievaltool.TwitterAPI][call] - 900/725(1544112534)
2018-12-06 16:55:19 INFO  [main][qa.org.qcri.tweetsretrievaltool.TwitterAPI][call] - 900/724(1544112534)
2018-12-06 16:55:19 INFO  [main][qa.org.qcri.tweetsretrievaltool.TwitterAPI][call] - 900/723(1544112534)
2018-12-06 16:55:20 INFO  [main][qa.org.qcri.tweetsretrievaltool.TwitterAPI][call] - 900/722(1544112534)
2018-12-06 16:55:20 INFO  [main][qa.org.qcri.tweetsretrievaltool.TwitterAPI][call] - 900/721(1544112534)
2018-12-06 16:55:20 INFO  [main][qa.org.qcri.tweetsretrievaltool.TwitterAPI][call] - 900/720(1544112534)
2018-12-06 16:55:21 INFO  [main][qa.org.qcri.tweetsretrievaltool.TwitterAPI][call] - 900/719(1544112534)
2018-12-06 16:55:21 INFO  [main][qa.org.qcri.tweetsretrievaltool.TwitterAPI][call] - 900/718(1544112534)
2018-12-06 16:55:22 INFO  [main][qa.org.qcri.tweetsretrievaltool.TwitterAPI][call] - 900/717(1544112534)
2018-12-06 16:55:23 INFO  [main][qa.org.qcri.tweetsretrievaltool.TwitterAPI][call] - 900/716(1544112534)
2018-12-06 16:55:23 INFO  [main][qa.org.qcri.tweetsretrievaltool.TwitterAPI][call] - 900/715(1544112534)
2018-12-06 16:55:24 INFO  [main][qa.org.qcri.tweetsretrievaltool.TwitterAPI][call] - 900/714(1544112534)
2018-12-06 16:55:24 INFO  [main][qa.org.qcri.tweetsretrievaltool.TwitterAPI][call] - 900/713(1544112534)
2018-12-06 16:55:25 INFO  [main][qa.org.qcri.tweetsretrievaltool.TwitterAPI][call] - 900/712(1544112534)
2018-12-06 16:55:25 INFO  [main][qa.org.qcri.tweetsretrievaltool.TwitterAPI][call] - 900/711(1544112534)
2018-12-06 16:55:26 INFO  [main][qa.org.qcri.tweetsretrievaltool.TwitterAPI][call] - 900/710(1544112534)
2018-12-06 16:55:26 INFO  [main][qa.org.qcri.tweetsretrievaltool.TwitterAPI][call] - 900/709(1544112534)
2018-12-06 16:55:27 INFO  [main][qa.org.qcri.tweetsretrievaltool.TwitterAPI][call] - 900/708(1544112534)
2018-12-06 16:55:27 INFO  [main][qa.org.qcri.tweetsretrievaltool.TwitterAPI][call] - 900/707(1544112534)
2018-12-06 16:55:28 INFO  [main][qa.org.qcri.tweetsretrievaltool.TwitterAPI][call] - 900/706(1544112534)
2018-12-06 16:55:29 INFO  [main][qa.org.qcri.tweetsretrievaltool.TwitterAPI][call] - 900/705(1544112534)
2018-12-06 16:55:29 INFO  [main][qa.org.qcri.tweetsretrievaltool.TwitterAPI][call] - 900/704(1544112534)
2018-12-06 16:55:30 INFO  [main][qa.org.qcri.tweetsretrievaltool.TwitterAPI][call] - 900/703(1544112534)
2018-12-06 16:55:30 INFO  [main][qa.org.qcri.tweetsretrievaltool.TwitterAPI][call] - 900/702(1544112534)
2018-12-06 16:55:31 INFO  [main][qa.org.qcri.tweetsretrievaltool.TwitterAPI][call] - 900/701(1544112534)
2018-12-06 16:55:31 INFO  [main][qa.org.qcri.tweetsretrievaltool.TwitterAPI][call] - 900/700(1544112534)
2018-12-06 16:55:32 INFO  [main][qa.org.qcri.tweetsretrievaltool.TwitterAPI][call] - 900/699(1544112534)
2018-12-06 16:55:32 INFO  [main][qa.org.qcri.tweetsretrievaltool.TwitterAPI][call] - 900/698(1544112534)
2018-12-06 16:55:33 INFO  [main][qa.org.qcri.tweetsretrievaltool.TwitterAPI][call] - 900/697(1544112534)
2018-12-06 16:55:33 INFO  [main][qa.org.qcri.tweetsretrievaltool.TwitterAPI][call] - 900/696(1544112534)
2018-12-06 16:55:34 INFO  [main][qa.org.qcri.tweetsretrievaltool.TwitterAPI][call] - 900/695(1544112534)
2018-12-06 16:55:34 INFO  [main][qa.org.qcri.tweetsretrievaltool.TwitterAPI][call] - 900/694(1544112534)
2018-12-06 16:55:35 INFO  [main][qa.org.qcri.tweetsretrievaltool.TwitterAPI][call] - 900/693(1544112534)
2018-12-06 16:55:35 INFO  [main][qa.org.qcri.tweetsretrievaltool.TwitterAPI][call] - 900/692(1544112534)
2018-12-06 16:55:36 INFO  [main][qa.org.qcri.tweetsretrievaltool.TwitterAPI][call] - 900/691(1544112534)
2018-12-06 16:55:36 INFO  [main][qa.org.qcri.tweetsretrievaltool.TwitterAPI][call] - 900/690(1544112534)
2018-12-06 16:55:37 INFO  [main][qa.org.qcri.tweetsretrievaltool.TwitterAPI][call] - 900/689(1544112534)
